2026-02-25 15:32:00,854 ERROR scheduler Skipped queueing frappe.utils.telemetry.pulse.client.send_queued_events because it was found in queue for glao.test
2026-02-25 15:32:00,859 ERROR scheduler Skipped queueing frappe.utils.global_search.sync_global_search because it was found in queue for glao.test
2026-02-25 15:32:00,863 ERROR scheduler Skipped queueing frappe.deferred_insert.save_to_db because it was found in queue for glao.test
2026-02-25 15:32:00,865 ERROR scheduler Skipped queueing frappe.model.utils.link_count.update_link_count because it was found in queue for glao.test
2026-02-25 15:32:00,866 ERROR scheduler Skipped queueing frappe.email.doctype.email_account.email_account.notify_unreplied because it was found in queue for glao.test
2026-02-25 15:32:00,869 ERROR scheduler Skipped queueing frappe.email.doctype.notification.notification.trigger_offset_alerts because it was found in queue for glao.test
2026-02-26 13:23:50,329 ERROR scheduler Skipped queueing frappe.email.queue.flush because it was found in queue for glao.test
2026-02-26 13:23:50,332 ERROR scheduler Skipped queueing frappe.email.doctype.notification.notification.trigger_offset_alerts because it was found in queue for glao.test
2026-02-26 13:24:00,356 ERROR scheduler Skipped queueing frappe.email.queue.flush because it was found in queue for glao.test
2026-02-26 13:24:00,359 ERROR scheduler Skipped queueing frappe.monitor.flush because it was found in queue for glao.test
2026-02-26 13:24:00,372 ERROR scheduler Skipped queueing frappe.email.doctype.notification.notification.trigger_offset_alerts because it was found in queue for glao.test
2026-02-26 13:27:46,465 ERROR scheduler Skipped queueing frappe.monitor.flush because it was found in queue for glao.test
2026-02-26 13:27:58,769 ERROR scheduler Skipped queueing frappe.monitor.flush because it was found in queue for glao.test
2026-02-26 13:28:00,780 ERROR scheduler Skipped queueing frappe.monitor.flush because it was found in queue for glao.test
2026-02-26 13:31:46,810 ERROR scheduler Skipped queueing frappe.monitor.flush because it was found in queue for glao.test
2026-02-26 13:32:00,845 ERROR scheduler Skipped queueing frappe.monitor.flush because it was found in queue for glao.test
2026-02-26 13:35:46,812 ERROR scheduler Skipped queueing frappe.monitor.flush because it was found in queue for glao.test
2026-02-26 13:35:59,054 ERROR scheduler Skipped queueing frappe.monitor.flush because it was found in queue for glao.test
2026-02-26 13:36:00,076 ERROR scheduler Skipped queueing frappe.monitor.flush because it was found in queue for glao.test
2026-02-26 13:39:59,555 ERROR scheduler Skipped queueing frappe.monitor.flush because it was found in queue for glao.test
2026-02-26 13:40:00,576 ERROR scheduler Skipped queueing frappe.monitor.flush because it was found in queue for glao.test
2026-02-26 13:43:56,551 ERROR scheduler Skipped queueing frappe.monitor.flush because it was found in queue for glao.test
2026-02-26 13:44:00,559 ERROR scheduler Skipped queueing frappe.monitor.flush because it was found in queue for glao.test
2026-02-26 13:47:56,997 ERROR scheduler Skipped queueing frappe.monitor.flush because it was found in queue for glao.test
2026-02-26 13:47:59,538 ERROR scheduler Skipped queueing frappe.monitor.flush because it was found in queue for glao.test
2026-02-26 13:48:00,557 ERROR scheduler Skipped queueing frappe.monitor.flush because it was found in queue for glao.test
2026-02-26 13:51:56,813 ERROR scheduler Skipped queueing frappe.monitor.flush because it was found in queue for glao.test
2026-02-26 13:52:00,825 ERROR scheduler Skipped queueing frappe.monitor.flush because it was found in queue for glao.test
2026-02-26 13:55:55,439 ERROR scheduler Skipped queueing frappe.monitor.flush because it was found in queue for glao.test
2026-02-26 13:56:00,470 ERROR scheduler Skipped queueing frappe.monitor.flush because it was found in queue for glao.test
2026-02-26 13:59:59,824 ERROR scheduler Skipped queueing frappe.monitor.flush because it was found in queue for glao.test
2026-02-26 14:00:00,855 ERROR scheduler Skipped queueing frappe.monitor.flush because it was found in queue for glao.test
